\BOOKMARK [0][-]{chapter.1}{\376\377\0001\000\040\000T\000o\000p\000i\000c\000\040\000I\000n\000d\000e\000x}{}% 1
\BOOKMARK [1][-]{section.1.1}{\376\377\0001\000.\0001\000\040\000T\000o\000p\000i\000c\000s}{chapter.1}% 2
\BOOKMARK [0][-]{chapter.2}{\376\377\0002\000\040\000\315\000n\000d\000i\000c\000e\000\040\000d\000e\000\040\000e\000s\000p\000a\000c\000i\000o\000s\000\040\000d\000e\000\040\000n\000o\000m\000b\000r\000e\000s}{}% 3
\BOOKMARK [1][-]{section.2.1}{\376\377\0002\000.\0001\000\040\000L\000i\000s\000t\000a\000\040\000d\000e\000\040\000e\000s\000p\000a\000c\000i\000o\000s\000\040\000d\000e\000\040\000n\000o\000m\000b\000r\000e\000s}{chapter.2}% 4
\BOOKMARK [0][-]{chapter.3}{\376\377\0003\000\040\000\315\000n\000d\000i\000c\000e\000\040\000j\000e\000r\000\341\000r\000q\000u\000i\000c\000o}{}% 5
\BOOKMARK [1][-]{section.3.1}{\376\377\0003\000.\0001\000\040\000J\000e\000r\000a\000r\000q\000u\000\355\000a\000\040\000d\000e\000\040\000c\000l\000a\000s\000e\000s}{chapter.3}% 6
\BOOKMARK [0][-]{chapter.4}{\376\377\0004\000\040\000\315\000n\000d\000i\000c\000e\000\040\000d\000e\000\040\000c\000l\000a\000s\000e\000s}{}% 7
\BOOKMARK [1][-]{section.4.1}{\376\377\0004\000.\0001\000\040\000L\000i\000s\000t\000a\000\040\000d\000e\000\040\000c\000l\000a\000s\000e\000s}{chapter.4}% 8
\BOOKMARK [0][-]{chapter.5}{\376\377\0005\000\040\000\315\000n\000d\000i\000c\000e\000\040\000d\000e\000\040\000a\000r\000c\000h\000i\000v\000o\000s}{}% 9
\BOOKMARK [1][-]{section.5.1}{\376\377\0005\000.\0001\000\040\000L\000i\000s\000t\000a\000\040\000d\000e\000\040\000a\000r\000c\000h\000i\000v\000o\000s}{chapter.5}% 10
\BOOKMARK [0][-]{chapter.6}{\376\377\0006\000\040\000T\000o\000p\000i\000c\000\040\000D\000o\000c\000u\000m\000e\000n\000t\000a\000t\000i\000o\000n}{}% 11
\BOOKMARK [1][-]{section.6.1}{\376\377\0006\000.\0001\000\040\000P\000y\000t\000h\000o\000n}{chapter.6}% 12
\BOOKMARK [2][-]{subsection.6.1.1}{\376\377\0006\000.\0001\000.\0001\000\040\000D\000e\000s\000c\000r\000i\000p\000c\000i\000\363\000n\000\040\000d\000e\000t\000a\000l\000l\000a\000d\000a}{section.6.1}% 13
\BOOKMARK [1][-]{section.6.2}{\376\377\0006\000.\0002\000\040\000F\000r\000o\000n\000t\000e\000n\000d}{chapter.6}% 14
\BOOKMARK [2][-]{subsection.6.2.1}{\376\377\0006\000.\0002\000.\0001\000\040\000D\000e\000s\000c\000r\000i\000p\000c\000i\000\363\000n\000\040\000d\000e\000t\000a\000l\000l\000a\000d\000a}{section.6.2}% 15
\BOOKMARK [2][-]{subsection.6.2.2}{\376\377\0006\000.\0002\000.\0002\000\040\000D\000o\000c\000u\000m\000e\000n\000t\000a\000c\000i\000\363\000n\000\040\000d\000e\000\040\000v\000a\000r\000i\000a\000b\000l\000e\000s}{section.6.2}% 16
\BOOKMARK [3][-]{subsubsection.6.2.2.1}{\376\377\0006\000.\0002\000.\0002\000.\0001\000\040\000b\000a\000c\000k\000g\000r\000o\000u\000n\000d}{subsection.6.2.2}% 17
\BOOKMARK [3][-]{subsubsection.6.2.2.2}{\376\377\0006\000.\0002\000.\0002\000.\0002\000\040\000b\000u\000t\000t\000o\000n}{subsection.6.2.2}% 18
\BOOKMARK [3][-]{subsubsection.6.2.2.3}{\376\377\0006\000.\0002\000.\0002\000.\0003\000\040\000b\000u\000t\000t\000o\000n\000L\000a\000y\000o\000u\000t}{subsection.6.2.2}% 19
\BOOKMARK [3][-]{subsubsection.6.2.2.4}{\376\377\0006\000.\0002\000.\0002\000.\0004\000\040\000c\000o\000n\000t\000r\000o\000l\000B\000u\000t\000t\000o\000n\000s}{subsection.6.2.2}% 20
\BOOKMARK [3][-]{subsubsection.6.2.2.5}{\376\377\0006\000.\0002\000.\0002\000.\0005\000\040\000c\000u\000r\000r\000e\000n\000t\000S\000e\000g\000m\000e\000n\000t}{subsection.6.2.2}% 21
\BOOKMARK [3][-]{subsubsection.6.2.2.6}{\376\377\0006\000.\0002\000.\0002\000.\0006\000\040\000d\000r\000a\000g\000I\000c\000o\000n}{subsection.6.2.2}% 22
\BOOKMARK [3][-]{subsubsection.6.2.2.7}{\376\377\0006\000.\0002\000.\0002\000.\0007\000\040\000f\000i\000l\000e\000D\000i\000a\000l\000o\000g}{subsection.6.2.2}% 23
\BOOKMARK [3][-]{subsubsection.6.2.2.8}{\376\377\0006\000.\0002\000.\0002\000.\0008\000\040\000f\000i\000l\000l\000W\000i\000d\000t\000h}{subsection.6.2.2}% 24
\BOOKMARK [3][-]{subsubsection.6.2.2.9}{\376\377\0006\000.\0002\000.\0002\000.\0009\000\040\000h\000e\000i\000g\000h\000t}{subsection.6.2.2}% 25
\BOOKMARK [3][-]{subsubsection.6.2.2.10}{\376\377\0006\000.\0002\000.\0002\000.\0001\0000\000\040\000i\000n\000p\000u\000t\000R\000o\000w}{subsection.6.2.2}% 26
\BOOKMARK [3][-]{subsubsection.6.2.2.11}{\376\377\0006\000.\0002\000.\0002\000.\0001\0001\000\040\000m\000u\000t\000e\000B\000u\000t\000t\000o\000n}{subsection.6.2.2}% 27
\BOOKMARK [3][-]{subsubsection.6.2.2.12}{\376\377\0006\000.\0002\000.\0002\000.\0001\0002\000\040\000p\000l\000a\000y\000B\000u\000t\000t\000o\000n}{subsection.6.2.2}% 28
\BOOKMARK [3][-]{subsubsection.6.2.2.13}{\376\377\0006\000.\0002\000.\0002\000.\0001\0003\000\040\000p\000r\000o\000g\000r\000e\000s\000s\000S\000l\000i\000d\000e\000r}{subsection.6.2.2}% 29
\BOOKMARK [3][-]{subsubsection.6.2.2.14}{\376\377\0006\000.\0002\000.\0002\000.\0001\0004\000\040\000s\000p\000e\000e\000d\000S\000e\000l\000e\000c\000t\000o\000r}{subsection.6.2.2}% 30
\BOOKMARK [3][-]{subsubsection.6.2.2.15}{\376\377\0006\000.\0002\000.\0002\000.\0001\0005\000\040\000t\000e\000d\000i\000t\000\137\000v\000i\000d\000e\000o\000N\000a\000m\000e}{subsection.6.2.2}% 31
\BOOKMARK [3][-]{subsubsection.6.2.2.16}{\376\377\0006\000.\0002\000.\0002\000.\0001\0006\000\040\000t\000e\000x\000t\000U\000R\000L}{subsection.6.2.2}% 32
\BOOKMARK [3][-]{subsubsection.6.2.2.17}{\376\377\0006\000.\0002\000.\0002\000.\0001\0007\000\040\000t\000i\000m\000e\000S\000t\000a\000m\000p\000E\000d\000i\000t\000o\000r}{subsection.6.2.2}% 33
\BOOKMARK [3][-]{subsubsection.6.2.2.18}{\376\377\0006\000.\0002\000.\0002\000.\0001\0008\000\040\000v\000i\000d\000e\000o\000P\000l\000a\000y\000e\000r}{subsection.6.2.2}% 34
\BOOKMARK [3][-]{subsubsection.6.2.2.19}{\376\377\0006\000.\0002\000.\0002\000.\0001\0009\000\040\000w\000i\000d\000t\000h}{subsection.6.2.2}% 35
\BOOKMARK [3][-]{subsubsection.6.2.2.20}{\376\377\0006\000.\0002\000.\0002\000.\0002\0000\000\040\000y\000o\000u\000t\000u\000b\000e\000D\000i\000a\000l\000o\000g}{subsection.6.2.2}% 36
\BOOKMARK [2][-]{subsection.6.2.3}{\376\377\0006\000.\0002\000.\0003\000\040\000P\000r\000o\000p\000i\000e\000d\000a\000d\000e\000s}{section.6.2}% 37
\BOOKMARK [3][-]{subsubsection.6.2.3.1}{\376\377\0006\000.\0002\000.\0003\000.\0001\000\040\000c\000u\000r\000r\000e\000n\000t\000I\000n\000d\000e\000x}{subsection.6.2.3}% 38
\BOOKMARK [3][-]{subsubsection.6.2.3.2}{\376\377\0006\000.\0002\000.\0003\000.\0002\000\040\000c\000u\000r\000r\000e\000n\000t\000S\000e\000g\000m\000e\000n\000t\000I\000n\000d\000e\000x}{subsection.6.2.3}% 39
\BOOKMARK [3][-]{subsubsection.6.2.3.3}{\376\377\0006\000.\0002\000.\0003\000.\0003\000\040\000c\000u\000r\000r\000e\000n\000t\000S\000e\000g\000m\000e\000n\000t\000N\000a\000m\000e}{subsection.6.2.3}% 40
\BOOKMARK [3][-]{subsubsection.6.2.3.4}{\376\377\0006\000.\0002\000.\0003\000.\0004\000\040\000d\000u\000r\000a\000t\000i\000o\000n}{subsection.6.2.3}% 41
\BOOKMARK [3][-]{subsubsection.6.2.3.5}{\376\377\0006\000.\0002\000.\0003\000.\0005\000\040\000n\000u\000m\000b\000e\000r\000O\000f\000S\000e\000g\000m\000e\000n\000t\000s}{subsection.6.2.3}% 42
\BOOKMARK [3][-]{subsubsection.6.2.3.6}{\376\377\0006\000.\0002\000.\0003\000.\0006\000\040\000o\000f\000f\000s\000e\000t}{subsection.6.2.3}% 43
\BOOKMARK [3][-]{subsubsection.6.2.3.7}{\376\377\0006\000.\0002\000.\0003\000.\0007\000\040\000p\000l\000a\000y\000e\000r\000I\000n\000d\000e\000x}{subsection.6.2.3}% 44
\BOOKMARK [3][-]{subsubsection.6.2.3.8}{\376\377\0006\000.\0002\000.\0003\000.\0008\000\040\000p\000o\000s\000i\000t\000i\000o\000n}{subsection.6.2.3}% 45
\BOOKMARK [3][-]{subsubsection.6.2.3.9}{\376\377\0006\000.\0002\000.\0003\000.\0009\000\040\000s\000e\000g\000m\000e\000n\000t\000E\000n\000d\000T\000i\000m\000e}{subsection.6.2.3}% 46
\BOOKMARK [3][-]{subsubsection.6.2.3.10}{\376\377\0006\000.\0002\000.\0003\000.\0001\0000\000\040\000s\000e\000g\000m\000e\000n\000t\000N\000a\000m\000e\000s}{subsection.6.2.3}% 47
\BOOKMARK [3][-]{subsubsection.6.2.3.11}{\376\377\0006\000.\0002\000.\0003\000.\0001\0001\000\040\000s\000e\000g\000m\000e\000n\000t\000s}{subsection.6.2.3}% 48
\BOOKMARK [3][-]{subsubsection.6.2.3.12}{\376\377\0006\000.\0002\000.\0003\000.\0001\0002\000\040\000t\000a\000g\000\137\000e\000d\000i\000t\000a\000b\000l\000e}{subsection.6.2.3}% 49
\BOOKMARK [3][-]{subsubsection.6.2.3.13}{\376\377\0006\000.\0002\000.\0003\000.\0001\0003\000\040\000t\000i\000m\000e\000s\000t\000a\000m\000p\000s}{subsection.6.2.3}% 50
\BOOKMARK [3][-]{subsubsection.6.2.3.14}{\376\377\0006\000.\0002\000.\0003\000.\0001\0004\000\040\000v\000i\000d\000e\000o\000L\000o\000a\000d\000e\000d}{subsection.6.2.3}% 51
\BOOKMARK [3][-]{subsubsection.6.2.3.15}{\376\377\0006\000.\0002\000.\0003\000.\0001\0005\000\040\000v\000i\000d\000e\000o\000N\000a\000m\000e}{subsection.6.2.3}% 52
\BOOKMARK [3][-]{subsubsection.6.2.3.16}{\376\377\0006\000.\0002\000.\0003\000.\0001\0006\000\040\000v\000i\000d\000e\000o\000S\000o\000u\000r\000c\000e}{subsection.6.2.3}% 53
\BOOKMARK [0][-]{chapter.7}{\376\377\0007\000\040\000D\000o\000c\000u\000m\000e\000n\000t\000a\000c\000i\000\363\000n\000\040\000d\000e\000\040\000e\000s\000p\000a\000c\000i\000o\000s\000\040\000d\000e\000\040\000n\000o\000m\000b\000r\000e\000s}{}% 54
\BOOKMARK [1][-]{section.7.1}{\376\377\0007\000.\0001\000\040\000R\000e\000f\000e\000r\000e\000n\000c\000i\000a\000\040\000d\000e\000l\000\040\000e\000s\000p\000a\000c\000i\000o\000\040\000d\000e\000\040\000n\000o\000m\000b\000r\000e\000s\000\040\000c\000o\000m\000b\000i\000n\000e\000\137\000w\000o\000r\000k\000e\000r}{chapter.7}% 55
\BOOKMARK [1][-]{section.7.2}{\376\377\0007\000.\0002\000\040\000R\000e\000f\000e\000r\000e\000n\000c\000i\000a\000\040\000d\000e\000l\000\040\000e\000s\000p\000a\000c\000i\000o\000\040\000d\000e\000\040\000n\000o\000m\000b\000r\000e\000s\000\040\000d\000o\000w\000n\000l\000o\000a\000d\000\137\000w\000o\000r\000k\000e\000r}{chapter.7}% 56
\BOOKMARK [1][-]{section.7.3}{\376\377\0007\000.\0003\000\040\000R\000e\000f\000e\000r\000e\000n\000c\000i\000a\000\040\000d\000e\000l\000\040\000e\000s\000p\000a\000c\000i\000o\000\040\000d\000e\000\040\000n\000o\000m\000b\000r\000e\000s\000\040\000m\000a\000i\000n}{chapter.7}% 57
\BOOKMARK [1][-]{section.7.4}{\376\377\0007\000.\0004\000\040\000R\000e\000f\000e\000r\000e\000n\000c\000i\000a\000\040\000d\000e\000l\000\040\000e\000s\000p\000a\000c\000i\000o\000\040\000d\000e\000\040\000n\000o\000m\000b\000r\000e\000s\000\040\000v\000i\000d\000e\000o\000\137\000h\000a\000n\000d\000l\000e\000r}{chapter.7}% 58
\BOOKMARK [0][-]{chapter.8}{\376\377\0008\000\040\000D\000o\000c\000u\000m\000e\000n\000t\000a\000c\000i\000\363\000n\000\040\000d\000e\000\040\000c\000l\000a\000s\000e\000s}{}% 59
\BOOKMARK [1][-]{section.8.1}{\376\377\0008\000.\0001\000\040\000R\000e\000f\000e\000r\000e\000n\000c\000i\000a\000\040\000d\000e\000\040\000l\000a\000\040\000c\000l\000a\000s\000e\000\040\000B\000o\000t\000t\000o\000m\000B\000a\000r}{chapter.8}% 60
\BOOKMARK [2][-]{subsection.8.1.1}{\376\377\0008\000.\0001\000.\0001\000\040\000D\000e\000s\000c\000r\000i\000p\000c\000i\000\363\000n\000\040\000d\000e\000t\000a\000l\000l\000a\000d\000a}{section.8.1}% 61
\BOOKMARK [1][-]{section.8.2}{\376\377\0008\000.\0002\000\040\000R\000e\000f\000e\000r\000e\000n\000c\000i\000a\000\040\000d\000e\000\040\000l\000a\000\040\000c\000l\000a\000s\000e\000\040\000c\000o\000m\000b\000i\000n\000e\000\137\000w\000o\000r\000k\000e\000r\000.\000C\000a\000n\000c\000e\000l\000l\000a\000t\000i\000o\000n\000E\000x\000c\000e\000p\000t\000i\000o\000n}{chapter.8}% 62
\BOOKMARK [2][-]{subsection.8.2.1}{\376\377\0008\000.\0002\000.\0001\000\040\000D\000e\000s\000c\000r\000i\000p\000c\000i\000\363\000n\000\040\000d\000e\000t\000a\000l\000l\000a\000d\000a}{section.8.2}% 63
\BOOKMARK [1][-]{section.8.3}{\376\377\0008\000.\0003\000\040\000R\000e\000f\000e\000r\000e\000n\000c\000i\000a\000\040\000d\000e\000\040\000l\000a\000\040\000c\000l\000a\000s\000e\000\040\000c\000o\000m\000b\000i\000n\000e\000\137\000w\000o\000r\000k\000e\000r\000.\000C\000o\000m\000b\000i\000n\000e\000W\000o\000r\000k\000e\000r}{chapter.8}% 64
\BOOKMARK [2][-]{subsection.8.3.1}{\376\377\0008\000.\0003\000.\0001\000\040\000D\000e\000s\000c\000r\000i\000p\000c\000i\000\363\000n\000\040\000d\000e\000t\000a\000l\000l\000a\000d\000a}{section.8.3}% 65
\BOOKMARK [2][-]{subsection.8.3.2}{\376\377\0008\000.\0003\000.\0002\000\040\000D\000o\000c\000u\000m\000e\000n\000t\000a\000c\000i\000\363\000n\000\040\000d\000e\000\040\000c\000o\000n\000s\000t\000r\000u\000c\000t\000o\000r\000e\000s\000\040\000y\000\040\000d\000e\000s\000t\000r\000u\000c\000t\000o\000r\000e\000s}{section.8.3}% 66
\BOOKMARK [3][-]{subsubsection.8.3.2.1}{\376\377\0008\000.\0003\000.\0002\000.\0001\000\040\000\137\000\137\000i\000n\000i\000t\000\137\000\137\000\050\000\051}{subsection.8.3.2}% 67
\BOOKMARK [2][-]{subsection.8.3.3}{\376\377\0008\000.\0003\000.\0003\000\040\000D\000o\000c\000u\000m\000e\000n\000t\000a\000c\000i\000\363\000n\000\040\000d\000e\000\040\000f\000u\000n\000c\000i\000o\000n\000e\000s\000\040\000m\000i\000e\000m\000b\000r\000o}{section.8.3}% 68
\BOOKMARK [3][-]{subsubsection.8.3.3.1}{\376\377\0008\000.\0003\000.\0003\000.\0001\000\040\000i\000s\000\137\000r\000u\000n\000n\000i\000n\000g\000\050\000\051}{subsection.8.3.3}% 69
\BOOKMARK [3][-]{subsubsection.8.3.3.2}{\376\377\0008\000.\0003\000.\0003\000.\0002\000\040\000r\000u\000n\000\050\000\051}{subsection.8.3.3}% 70
\BOOKMARK [3][-]{subsubsection.8.3.3.3}{\376\377\0008\000.\0003\000.\0003\000.\0003\000\040\000s\000t\000o\000p\000\050\000\051}{subsection.8.3.3}% 71
\BOOKMARK [2][-]{subsection.8.3.4}{\376\377\0008\000.\0003\000.\0004\000\040\000D\000o\000c\000u\000m\000e\000n\000t\000a\000c\000i\000\363\000n\000\040\000d\000e\000\040\000d\000a\000t\000o\000s\000\040\000m\000i\000e\000m\000b\000r\000o}{section.8.3}% 72
\BOOKMARK [3][-]{subsubsection.8.3.4.1}{\376\377\0008\000.\0003\000.\0004\000.\0001\000\040\000\137\000i\000s\000\137\000r\000u\000n\000n\000i\000n\000g}{subsection.8.3.4}% 73
\BOOKMARK [3][-]{subsubsection.8.3.4.2}{\376\377\0008\000.\0003\000.\0004\000.\0002\000\040\000\137\000v\000i\000d\000e\000o\000\137\000p\000l\000a\000y\000e\000r\000s}{subsection.8.3.4}% 74
\BOOKMARK [3][-]{subsubsection.8.3.4.3}{\376\377\0008\000.\0003\000.\0004\000.\0003\000\040\000f\000i\000n\000i\000s\000h\000e\000d}{subsection.8.3.4}% 75
\BOOKMARK [3][-]{subsubsection.8.3.4.4}{\376\377\0008\000.\0003\000.\0004\000.\0004\000\040\000p\000r\000o\000g\000r\000e\000s\000s}{subsection.8.3.4}% 76
\BOOKMARK [1][-]{section.8.4}{\376\377\0008\000.\0004\000\040\000R\000e\000f\000e\000r\000e\000n\000c\000i\000a\000\040\000d\000e\000\040\000l\000a\000\040\000c\000l\000a\000s\000e\000\040\000D\000o\000w\000n\000l\000o\000a\000d}{chapter.8}% 77
\BOOKMARK [2][-]{subsection.8.4.1}{\376\377\0008\000.\0004\000.\0001\000\040\000D\000e\000s\000c\000r\000i\000p\000c\000i\000\363\000n\000\040\000d\000e\000t\000a\000l\000l\000a\000d\000a}{section.8.4}% 78
\BOOKMARK [2][-]{subsection.8.4.2}{\376\377\0008\000.\0004\000.\0002\000\040\000D\000o\000c\000u\000m\000e\000n\000t\000a\000c\000i\000\363\000n\000\040\000d\000e\000\040\000d\000a\000t\000o\000s\000\040\000m\000i\000e\000m\000b\000r\000o}{section.8.4}% 79
\BOOKMARK [3][-]{subsubsection.8.4.2.1}{\376\377\0008\000.\0004\000.\0002\000.\0001\000\040\000h\000e\000i\000g\000h\000t}{subsection.8.4.2}% 80
\BOOKMARK [3][-]{subsubsection.8.4.2.2}{\376\377\0008\000.\0004\000.\0002\000.\0002\000\040\000o\000n\000V\000i\000s\000i\000b\000l\000e\000C\000h\000a\000n\000g\000e\000d}{subsection.8.4.2}% 81
\BOOKMARK [3][-]{subsubsection.8.4.2.3}{\376\377\0008\000.\0004\000.\0002\000.\0003\000\040\000p\000r\000o\000g\000r\000e\000s\000s\000B\000a\000r}{subsection.8.4.2}% 82
\BOOKMARK [3][-]{subsubsection.8.4.2.4}{\376\377\0008\000.\0004\000.\0002\000.\0004\000\040\000t\000e\000x\000t\0001}{subsection.8.4.2}% 83
\BOOKMARK [3][-]{subsubsection.8.4.2.5}{\376\377\0008\000.\0004\000.\0002\000.\0005\000\040\000t\000i\000t\000l\000e}{subsection.8.4.2}% 84
\BOOKMARK [3][-]{subsubsection.8.4.2.6}{\376\377\0008\000.\0004\000.\0002\000.\0006\000\040\000v\000i\000s\000i\000b\000l\000e}{subsection.8.4.2}% 85
\BOOKMARK [3][-]{subsubsection.8.4.2.7}{\376\377\0008\000.\0004\000.\0002\000.\0007\000\040\000w\000i\000d\000t\000h}{subsection.8.4.2}% 86
\BOOKMARK [1][-]{section.8.5}{\376\377\0008\000.\0005\000\040\000R\000e\000f\000e\000r\000e\000n\000c\000i\000a\000\040\000d\000e\000\040\000l\000a\000\040\000c\000l\000a\000s\000e\000\040\000d\000o\000w\000n\000l\000o\000a\000d\000\137\000w\000o\000r\000k\000e\000r\000.\000D\000o\000w\000n\000l\000o\000a\000d\000W\000o\000r\000k\000e\000r}{chapter.8}% 87
\BOOKMARK [2][-]{subsection.8.5.1}{\376\377\0008\000.\0005\000.\0001\000\040\000D\000e\000s\000c\000r\000i\000p\000c\000i\000\363\000n\000\040\000d\000e\000t\000a\000l\000l\000a\000d\000a}{section.8.5}% 88
\BOOKMARK [2][-]{subsection.8.5.2}{\376\377\0008\000.\0005\000.\0002\000\040\000D\000o\000c\000u\000m\000e\000n\000t\000a\000c\000i\000\363\000n\000\040\000d\000e\000\040\000c\000o\000n\000s\000t\000r\000u\000c\000t\000o\000r\000e\000s\000\040\000y\000\040\000d\000e\000s\000t\000r\000u\000c\000t\000o\000r\000e\000s}{section.8.5}% 89
\BOOKMARK [3][-]{subsubsection.8.5.2.1}{\376\377\0008\000.\0005\000.\0002\000.\0001\000\040\000\137\000\137\000i\000n\000i\000t\000\137\000\137\000\050\000\051}{subsection.8.5.2}% 90
\BOOKMARK [2][-]{subsection.8.5.3}{\376\377\0008\000.\0005\000.\0003\000\040\000D\000o\000c\000u\000m\000e\000n\000t\000a\000c\000i\000\363\000n\000\040\000d\000e\000\040\000f\000u\000n\000c\000i\000o\000n\000e\000s\000\040\000m\000i\000e\000m\000b\000r\000o}{section.8.5}% 91
\BOOKMARK [3][-]{subsubsection.8.5.3.1}{\376\377\0008\000.\0005\000.\0003\000.\0001\000\040\000p\000r\000o\000g\000r\000e\000s\000s\000\137\000h\000o\000o\000k\000\050\000\051}{subsection.8.5.3}% 92
\BOOKMARK [3][-]{subsubsection.8.5.3.2}{\376\377\0008\000.\0005\000.\0003\000.\0002\000\040\000r\000u\000n\000\050\000\051}{subsection.8.5.3}% 93
\BOOKMARK [2][-]{subsection.8.5.4}{\376\377\0008\000.\0005\000.\0004\000\040\000D\000o\000c\000u\000m\000e\000n\000t\000a\000c\000i\000\363\000n\000\040\000d\000e\000\040\000d\000a\000t\000o\000s\000\040\000m\000i\000e\000m\000b\000r\000o}{section.8.5}% 94
\BOOKMARK [3][-]{subsubsection.8.5.4.1}{\376\377\0008\000.\0005\000.\0004\000.\0001\000\040\000f\000i\000l\000e\000n\000a\000m\000e}{subsection.8.5.4}% 95
\BOOKMARK [3][-]{subsubsection.8.5.4.2}{\376\377\0008\000.\0005\000.\0004\000.\0002\000\040\000f\000i\000n\000i\000s\000h\000e\000d}{subsection.8.5.4}% 96
\BOOKMARK [3][-]{subsubsection.8.5.4.3}{\376\377\0008\000.\0005\000.\0004\000.\0003\000\040\000o\000u\000t\000p\000u\000t\000\137\000p\000a\000t\000h}{subsection.8.5.4}% 97
\BOOKMARK [3][-]{subsubsection.8.5.4.4}{\376\377\0008\000.\0005\000.\0004\000.\0004\000\040\000p\000r\000o\000g\000r\000e\000s\000s}{subsection.8.5.4}% 98
\BOOKMARK [3][-]{subsubsection.8.5.4.5}{\376\377\0008\000.\0005\000.\0004\000.\0005\000\040\000u\000r\000l}{subsection.8.5.4}% 99
\BOOKMARK [1][-]{section.8.6}{\376\377\0008\000.\0006\000\040\000R\000e\000f\000e\000r\000e\000n\000c\000i\000a\000\040\000d\000e\000\040\000l\000a\000\040\000c\000l\000a\000s\000e\000\040\000E\000x\000p\000o\000r\000t}{chapter.8}% 100
\BOOKMARK [2][-]{subsection.8.6.1}{\376\377\0008\000.\0006\000.\0001\000\040\000D\000e\000s\000c\000r\000i\000p\000c\000i\000\363\000n\000\040\000d\000e\000t\000a\000l\000l\000a\000d\000a}{section.8.6}% 101
\BOOKMARK [2][-]{subsection.8.6.2}{\376\377\0008\000.\0006\000.\0002\000\040\000D\000o\000c\000u\000m\000e\000n\000t\000a\000c\000i\000\363\000n\000\040\000d\000e\000\040\000d\000a\000t\000o\000s\000\040\000m\000i\000e\000m\000b\000r\000o}{section.8.6}% 102
\BOOKMARK [3][-]{subsubsection.8.6.2.1}{\376\377\0008\000.\0006\000.\0002\000.\0001\000\040\000c\000a\000n\000c\000e\000l\000B\000u\000t\000t\000o\000n}{subsection.8.6.2}% 103
\BOOKMARK [3][-]{subsubsection.8.6.2.2}{\376\377\0008\000.\0006\000.\0002\000.\0002\000\040\000c\000o\000n\000f\000i\000r\000m\000a\000t\000i\000o\000n\000D\000i\000a\000l\000o\000g}{subsection.8.6.2}% 104
\BOOKMARK [3][-]{subsubsection.8.6.2.3}{\376\377\0008\000.\0006\000.\0002\000.\0003\000\040\000f\000i\000n\000i\000s\000h\000e\000d\000T\000e\000x\000t}{subsection.8.6.2}% 105
\BOOKMARK [3][-]{subsubsection.8.6.2.4}{\376\377\0008\000.\0006\000.\0002\000.\0004\000\040\000f\000l\000a\000g\000s}{subsection.8.6.2}% 106
\BOOKMARK [3][-]{subsubsection.8.6.2.5}{\376\377\0008\000.\0006\000.\0002\000.\0005\000\040\000h\000e\000i\000g\000h\000t}{subsection.8.6.2}% 107
\BOOKMARK [3][-]{subsubsection.8.6.2.6}{\376\377\0008\000.\0006\000.\0002\000.\0006\000\040\000m\000a\000x\000i\000m\000u\000m\000H\000e\000i\000g\000h\000t}{subsection.8.6.2}% 108
\BOOKMARK [3][-]{subsubsection.8.6.2.7}{\376\377\0008\000.\0006\000.\0002\000.\0007\000\040\000m\000a\000x\000i\000m\000u\000m\000W\000i\000d\000t\000h}{subsection.8.6.2}% 109
\BOOKMARK [3][-]{subsubsection.8.6.2.8}{\376\377\0008\000.\0006\000.\0002\000.\0008\000\040\000m\000i\000n\000i\000m\000u\000m\000H\000e\000i\000g\000h\000t}{subsection.8.6.2}% 110
\BOOKMARK [3][-]{subsubsection.8.6.2.9}{\376\377\0008\000.\0006\000.\0002\000.\0009\000\040\000m\000i\000n\000i\000m\000u\000m\000W\000i\000d\000t\000h}{subsection.8.6.2}% 111
\BOOKMARK [3][-]{subsubsection.8.6.2.10}{\376\377\0008\000.\0006\000.\0002\000.\0001\0000\000\040\000o\000n\000V\000i\000s\000i\000b\000l\000e\000C\000h\000a\000n\000g\000e\000d}{subsection.8.6.2}% 112
\BOOKMARK [3][-]{subsubsection.8.6.2.11}{\376\377\0008\000.\0006\000.\0002\000.\0001\0001\000\040\000p\000r\000o\000g\000r\000e\000s\000s\000B\000a\000r}{subsection.8.6.2}% 113
\BOOKMARK [3][-]{subsubsection.8.6.2.12}{\376\377\0008\000.\0006\000.\0002\000.\0001\0002\000\040\000t\000e\000x\000t\0001}{subsection.8.6.2}% 114
\BOOKMARK [3][-]{subsubsection.8.6.2.13}{\376\377\0008\000.\0006\000.\0002\000.\0001\0003\000\040\000t\000i\000t\000l\000e}{subsection.8.6.2}% 115
\BOOKMARK [3][-]{subsubsection.8.6.2.14}{\376\377\0008\000.\0006\000.\0002\000.\0001\0004\000\040\000v\000i\000s\000i\000b\000l\000e}{subsection.8.6.2}% 116
\BOOKMARK [3][-]{subsubsection.8.6.2.15}{\376\377\0008\000.\0006\000.\0002\000.\0001\0005\000\040\000w\000i\000d\000t\000h}{subsection.8.6.2}% 117
\BOOKMARK [1][-]{section.8.7}{\376\377\0008\000.\0007\000\040\000R\000e\000f\000e\000r\000e\000n\000c\000i\000a\000\040\000d\000e\000\040\000l\000a\000\040\000c\000l\000a\000s\000e\000\040\000m\000a\000i\000n}{chapter.8}% 118
\BOOKMARK [2][-]{subsection.8.7.1}{\376\377\0008\000.\0007\000.\0001\000\040\000D\000o\000c\000u\000m\000e\000n\000t\000a\000c\000i\000\363\000n\000\040\000d\000e\000\040\000f\000u\000n\000c\000i\000o\000n\000e\000s\000\040\000m\000i\000e\000m\000b\000r\000o}{section.8.7}% 119
\BOOKMARK [3][-]{subsubsection.8.7.1.1}{\376\377\0008\000.\0007\000.\0001\000.\0001\000\040\000n\000e\000x\000t\000F\000r\000a\000m\000e}{subsection.8.7.1}% 120
\BOOKMARK [3][-]{subsubsection.8.7.1.2}{\376\377\0008\000.\0007\000.\0001\000.\0002\000\040\000n\000e\000x\000t\000S\000e\000g\000m\000e\000n\000t\000\050\000\051}{subsection.8.7.1}% 121
\BOOKMARK [3][-]{subsubsection.8.7.1.3}{\376\377\0008\000.\0007\000.\0001\000.\0003\000\040\000p\000a\000u\000s\000a}{subsection.8.7.1}% 122
\BOOKMARK [3][-]{subsubsection.8.7.1.4}{\376\377\0008\000.\0007\000.\0001\000.\0004\000\040\000p\000a\000u\000s\000e\000A\000l\000l}{subsection.8.7.1}% 123
\BOOKMARK [3][-]{subsubsection.8.7.1.5}{\376\377\0008\000.\0007\000.\0001\000.\0005\000\040\000p\000l\000a\000y\000A\000l\000l}{subsection.8.7.1}% 124
\BOOKMARK [3][-]{subsubsection.8.7.1.6}{\376\377\0008\000.\0007\000.\0001\000.\0006\000\040\000p\000l\000a\000y\000i\000n\000g}{subsection.8.7.1}% 125
\BOOKMARK [3][-]{subsubsection.8.7.1.7}{\376\377\0008\000.\0007\000.\0001\000.\0007\000\040\000p\000l\000a\000y\000N\000e\000x\000t\000S\000e\000g\000m\000e\000n\000t}{subsection.8.7.1}% 126
\BOOKMARK [3][-]{subsubsection.8.7.1.8}{\376\377\0008\000.\0007\000.\0001\000.\0008\000\040\000p\000l\000a\000y\000P\000r\000e\000v\000i\000o\000u\000s\000S\000e\000g\000m\000e\000n\000t}{subsection.8.7.1}% 127
\BOOKMARK [3][-]{subsubsection.8.7.1.9}{\376\377\0008\000.\0007\000.\0001\000.\0009\000\040\000p\000r\000e\000v\000i\000o\000u\000s\000F\000r\000a\000m\000e}{subsection.8.7.1}% 128
\BOOKMARK [3][-]{subsubsection.8.7.1.10}{\376\377\0008\000.\0007\000.\0001\000.\0001\0000\000\040\000p\000r\000e\000v\000i\000o\000u\000s\000S\000e\000g\000m\000e\000n\000t\000\050\000\051}{subsection.8.7.1}% 129
\BOOKMARK [3][-]{subsubsection.8.7.1.11}{\376\377\0008\000.\0007\000.\0001\000.\0001\0001\000\040\000s\000e\000e\000k\000A\000l\000l}{subsection.8.7.1}% 130
\BOOKMARK [3][-]{subsubsection.8.7.1.12}{\376\377\0008\000.\0007\000.\0001\000.\0001\0002\000\040\000s\000e\000g\000m\000e\000n\000t\000s\000L\000o\000a\000d\000e\000d}{subsection.8.7.1}% 131
\BOOKMARK [3][-]{subsubsection.8.7.1.13}{\376\377\0008\000.\0007\000.\0001\000.\0001\0003\000\040\000s\000e\000t\000S\000e\000g\000m\000e\000n\000t\000E\000d\000i\000t\000o\000r\000V\000i\000s\000i\000b\000i\000l\000i\000t\000y\000\050\000\051}{subsection.8.7.1}% 132
\BOOKMARK [3][-]{subsubsection.8.7.1.14}{\376\377\0008\000.\0007\000.\0001\000.\0001\0004\000\040\000s\000e\000t\000S\000e\000g\000m\000e\000n\000t\000s\000\050\000\051}{subsection.8.7.1}% 133
\BOOKMARK [3][-]{subsubsection.8.7.1.15}{\376\377\0008\000.\0007\000.\0001\000.\0001\0005\000\040\000s\000p\000e\000e\000d\000C\000h\000a\000n\000g\000e}{subsection.8.7.1}% 134
\BOOKMARK [2][-]{subsection.8.7.2}{\376\377\0008\000.\0007\000.\0002\000\040\000D\000o\000c\000u\000m\000e\000n\000t\000a\000c\000i\000\363\000n\000\040\000d\000e\000\040\000d\000a\000t\000o\000s\000\040\000m\000i\000e\000m\000b\000r\000o}{section.8.7}% 135
\BOOKMARK [3][-]{subsubsection.8.7.2.1}{\376\377\0008\000.\0007\000.\0002\000.\0001\000\040\000a\000p\000p}{subsection.8.7.2}% 136
\BOOKMARK [3][-]{subsubsection.8.7.2.2}{\376\377\0008\000.\0007\000.\0002\000.\0002\000\040\000b\000o\000t\000t\000o\000m\000B\000a\000r}{subsection.8.7.2}% 137
\BOOKMARK [3][-]{subsubsection.8.7.2.3}{\376\377\0008\000.\0007\000.\0002\000.\0003\000\040\000c\000o\000l\000o\000r}{subsection.8.7.2}% 138
\BOOKMARK [3][-]{subsubsection.8.7.2.4}{\376\377\0008\000.\0007\000.\0002\000.\0004\000\040\000e\000n\000g\000i\000n\000e}{subsection.8.7.2}% 139
\BOOKMARK [3][-]{subsubsection.8.7.2.5}{\376\377\0008\000.\0007\000.\0002\000.\0005\000\040\000e\000x\000p\000o\000r\000t\000W\000i\000n\000d\000o\000w}{subsection.8.7.2}% 140
\BOOKMARK [3][-]{subsubsection.8.7.2.6}{\376\377\0008\000.\0007\000.\0002\000.\0006\000\040\000g\000r\000i\000d}{subsection.8.7.2}% 141
\BOOKMARK [3][-]{subsubsection.8.7.2.7}{\376\377\0008\000.\0007\000.\0002\000.\0007\000\040\000h\000e\000i\000g\000h\000t}{subsection.8.7.2}% 142
\BOOKMARK [3][-]{subsubsection.8.7.2.8}{\376\377\0008\000.\0007\000.\0002\000.\0008\000\040\000I\000M\000A\000G\000E\000M\000A\000G\000I\000C\000K\000\137\000B\000I\000N\000A\000R\000Y}{subsection.8.7.2}% 143
\BOOKMARK [3][-]{subsubsection.8.7.2.9}{\376\377\0008\000.\0007\000.\0002\000.\0009\000\040\000l\000a\000y\000o\000u\000t}{subsection.8.7.2}% 144
\BOOKMARK [3][-]{subsubsection.8.7.2.10}{\376\377\0008\000.\0007\000.\0002\000.\0001\0000\000\040\000m\000y\000a\000p\000p\000i\000d}{subsection.8.7.2}% 145
\BOOKMARK [3][-]{subsubsection.8.7.2.11}{\376\377\0008\000.\0007\000.\0002\000.\0001\0001\000\040\000o\000n\000S\000e\000g\000m\000e\000n\000t\000s\000C\000h\000a\000n\000g\000e\000d}{subsection.8.7.2}% 146
\BOOKMARK [3][-]{subsubsection.8.7.2.12}{\376\377\0008\000.\0007\000.\0002\000.\0001\0002\000\040\000p\000r\000o\000g\000r\000e\000s\000s\000W\000i\000n\000d\000o\000w}{subsection.8.7.2}% 147
\BOOKMARK [3][-]{subsubsection.8.7.2.13}{\376\377\0008\000.\0007\000.\0002\000.\0001\0003\000\040\000s\000e\000g\000m\000e\000n\000t\000E\000d\000i\000t\000o\000r}{subsection.8.7.2}% 148
\BOOKMARK [3][-]{subsubsection.8.7.2.14}{\376\377\0008\000.\0007\000.\0002\000.\0001\0004\000\040\000t\000i\000t\000l\000e}{subsection.8.7.2}% 149
\BOOKMARK [3][-]{subsubsection.8.7.2.15}{\376\377\0008\000.\0007\000.\0002\000.\0001\0005\000\040\000t\000o\000p\000B\000a\000r}{subsection.8.7.2}% 150
\BOOKMARK [3][-]{subsubsection.8.7.2.16}{\376\377\0008\000.\0007\000.\0002\000.\0001\0006\000\040\000v\000i\000d\000e\000o\000\137\000h\000a\000n\000d\000l\000e\000r}{subsection.8.7.2}% 151
\BOOKMARK [3][-]{subsubsection.8.7.2.17}{\376\377\0008\000.\0007\000.\0002\000.\0001\0007\000\040\000v\000i\000d\000e\000o\000P\000l\000a\000y\000e\000r\000s\000R\000e\000p\000e\000a\000t\000e\000r}{subsection.8.7.2}% 152
\BOOKMARK [3][-]{subsubsection.8.7.2.18}{\376\377\0008\000.\0007\000.\0002\000.\0001\0008\000\040\000v\000i\000s\000i\000b\000i\000l\000i\000t\000y}{subsection.8.7.2}% 153
\BOOKMARK [3][-]{subsubsection.8.7.2.19}{\376\377\0008\000.\0007\000.\0002\000.\0001\0009\000\040\000v\000i\000s\000i\000b\000l\000e}{subsection.8.7.2}% 154
\BOOKMARK [3][-]{subsubsection.8.7.2.20}{\376\377\0008\000.\0007\000.\0002\000.\0002\0000\000\040\000w\000i\000d\000t\000h}{subsection.8.7.2}% 155
\BOOKMARK [2][-]{subsection.8.7.3}{\376\377\0008\000.\0007\000.\0003\000\040\000D\000o\000c\000u\000m\000e\000n\000t\000a\000c\000i\000\363\000n\000\040\000d\000e\000\040\000p\000r\000o\000p\000i\000e\000d\000a\000d\000e\000s}{section.8.7}% 156
\BOOKMARK [3][-]{subsubsection.8.7.3.1}{\376\377\0008\000.\0007\000.\0003\000.\0001\000\040\000c\000u\000r\000r\000e\000n\000t\000S\000e\000g\000m\000e\000n\000t}{subsection.8.7.3}% 157
\BOOKMARK [3][-]{subsubsection.8.7.3.2}{\376\377\0008\000.\0007\000.\0003\000.\0002\000\040\000h\000a\000s\000S\000e\000g\000m\000e\000n\000t\000s}{subsection.8.7.3}% 158
\BOOKMARK [3][-]{subsubsection.8.7.3.3}{\376\377\0008\000.\0007\000.\0003\000.\0003\000\040\000h\000a\000s\000V\000i\000d\000e\000o}{subsection.8.7.3}% 159
\BOOKMARK [3][-]{subsubsection.8.7.3.4}{\376\377\0008\000.\0007\000.\0003\000.\0004\000\040\000i\000s\000F\000u\000l\000l\000S\000c\000r\000e\000e\000n}{subsection.8.7.3}% 160
\BOOKMARK [3][-]{subsubsection.8.7.3.5}{\376\377\0008\000.\0007\000.\0003\000.\0005\000\040\000l\000o\000n\000g\000e\000s\000t\000\137\000s\000e\000g\000m\000e\000n\000t\000s}{subsection.8.7.3}% 161
\BOOKMARK [3][-]{subsubsection.8.7.3.6}{\376\377\0008\000.\0007\000.\0003\000.\0006\000\040\000l\000o\000n\000g\000e\000s\000t\000\137\000t\000i\000m\000e\000s\000t\000a\000m\000p\000s}{subsection.8.7.3}% 162
\BOOKMARK [3][-]{subsubsection.8.7.3.7}{\376\377\0008\000.\0007\000.\0003\000.\0007\000\040\000l\000o\000n\000g\000e\000s\000t\000\137\000v\000i\000d\000e\000o\000P\000l\000a\000y\000e\000r\000I\000d}{subsection.8.7.3}% 163
\BOOKMARK [3][-]{subsubsection.8.7.3.8}{\376\377\0008\000.\0007\000.\0003\000.\0008\000\040\000l\000o\000n\000g\000e\000s\000t\000V\000i\000d\000e\000o\000P\000l\000a\000y\000e\000r}{subsection.8.7.3}% 164
\BOOKMARK [3][-]{subsubsection.8.7.3.9}{\376\377\0008\000.\0007\000.\0003\000.\0009\000\040\000m\000a\000x\000S\000e\000g\000m\000e\000n\000t\000D\000u\000r\000a\000t\000i\000o\000n}{subsection.8.7.3}% 165
\BOOKMARK [3][-]{subsubsection.8.7.3.10}{\376\377\0008\000.\0007\000.\0003\000.\0001\0000\000\040\000n\000u\000m\000b\000e\000r\000O\000f\000P\000l\000a\000y\000e\000r\000s}{subsection.8.7.3}% 166
\BOOKMARK [3][-]{subsubsection.8.7.3.11}{\376\377\0008\000.\0007\000.\0003\000.\0001\0001\000\040\000s\000e\000g\000m\000e\000n\000t\000E\000d\000i\000t\000o\000r\000V\000i\000s\000i\000b\000l\000e}{subsection.8.7.3}% 167
\BOOKMARK [3][-]{subsubsection.8.7.3.12}{\376\377\0008\000.\0007\000.\0003\000.\0001\0002\000\040\000s\000e\000g\000m\000e\000n\000t\000s}{subsection.8.7.3}% 168
\BOOKMARK [3][-]{subsubsection.8.7.3.13}{\376\377\0008\000.\0007\000.\0003\000.\0001\0003\000\040\000s\000e\000g\000m\000e\000n\000t\000s\000R\000e\000a\000d\000y}{subsection.8.7.3}% 169
\BOOKMARK [3][-]{subsubsection.8.7.3.14}{\376\377\0008\000.\0007\000.\0003\000.\0001\0004\000\040\000s\000p\000e\000e\000d}{subsection.8.7.3}% 170
\BOOKMARK [1][-]{section.8.8}{\376\377\0008\000.\0008\000\040\000R\000e\000f\000e\000r\000e\000n\000c\000i\000a\000\040\000d\000e\000\040\000l\000a\000\040\000c\000l\000a\000s\000e\000\040\000c\000o\000m\000b\000i\000n\000e\000\137\000w\000o\000r\000k\000e\000r\000.\000M\000y\000C\000o\000m\000b\000i\000n\000e\000L\000o\000g\000g\000e\000r}{chapter.8}% 171
\BOOKMARK [2][-]{subsection.8.8.1}{\376\377\0008\000.\0008\000.\0001\000\040\000D\000e\000s\000c\000r\000i\000p\000c\000i\000\363\000n\000\040\000d\000e\000t\000a\000l\000l\000a\000d\000a}{section.8.8}% 172
\BOOKMARK [2][-]{subsection.8.8.2}{\376\377\0008\000.\0008\000.\0002\000\040\000D\000o\000c\000u\000m\000e\000n\000t\000a\000c\000i\000\363\000n\000\040\000d\000e\000\040\000c\000o\000n\000s\000t\000r\000u\000c\000t\000o\000r\000e\000s\000\040\000y\000\040\000d\000e\000s\000t\000r\000u\000c\000t\000o\000r\000e\000s}{section.8.8}% 173
\BOOKMARK [3][-]{subsubsection.8.8.2.1}{\376\377\0008\000.\0008\000.\0002\000.\0001\000\040\000\137\000\137\000i\000n\000i\000t\000\137\000\137\000\050\000\051}{subsection.8.8.2}% 174
\BOOKMARK [2][-]{subsection.8.8.3}{\376\377\0008\000.\0008\000.\0003\000\040\000D\000o\000c\000u\000m\000e\000n\000t\000a\000c\000i\000\363\000n\000\040\000d\000e\000\040\000f\000u\000n\000c\000i\000o\000n\000e\000s\000\040\000m\000i\000e\000m\000b\000r\000o}{section.8.8}% 175
\BOOKMARK [3][-]{subsubsection.8.8.3.1}{\376\377\0008\000.\0008\000.\0003\000.\0001\000\040\000b\000a\000r\000s\000\137\000c\000a\000l\000l\000b\000a\000c\000k\000\050\000\051}{subsection.8.8.3}% 176
\BOOKMARK [3][-]{subsubsection.8.8.3.2}{\376\377\0008\000.\0008\000.\0003\000.\0002\000\040\000c\000a\000l\000l\000b\000a\000c\000k\000\050\000\051}{subsection.8.8.3}% 177
\BOOKMARK [3][-]{subsubsection.8.8.3.3}{\376\377\0008\000.\0008\000.\0003\000.\0003\000\040\000u\000p\000d\000a\000t\000e\000\137\000c\000u\000r\000r\000e\000n\000t\000\137\000s\000e\000g\000m\000e\000n\000t\000\050\000\051}{subsection.8.8.3}% 178
\BOOKMARK [2][-]{subsection.8.8.4}{\376\377\0008\000.\0008\000.\0004\000\040\000D\000o\000c\000u\000m\000e\000n\000t\000a\000c\000i\000\363\000n\000\040\000d\000e\000\040\000d\000a\000t\000o\000s\000\040\000m\000i\000e\000m\000b\000r\000o}{section.8.8}% 179
\BOOKMARK [3][-]{subsubsection.8.8.4.1}{\376\377\0008\000.\0008\000.\0004\000.\0001\000\040\000c\000o\000m\000b\000i\000n\000e\000\137\000w\000o\000r\000k\000e\000r}{subsection.8.8.4}% 180
\BOOKMARK [3][-]{subsubsection.8.8.4.2}{\376\377\0008\000.\0008\000.\0004\000.\0002\000\040\000c\000u\000r\000r\000e\000n\000t\000\137\000s\000e\000g\000m\000e\000n\000t}{subsection.8.8.4}% 181
\BOOKMARK [3][-]{subsubsection.8.8.4.3}{\376\377\0008\000.\0008\000.\0004\000.\0003\000\040\000p\000r\000o\000g\000r\000e\000s\000s\000\137\000s\000i\000g\000n\000a\000l}{subsection.8.8.4}% 182
\BOOKMARK [3][-]{subsubsection.8.8.4.4}{\376\377\0008\000.\0008\000.\0004\000.\0004\000\040\000t\000o\000t\000a\000l\000\137\000s\000e\000g\000m\000e\000n\000t\000s}{subsection.8.8.4}% 183
\BOOKMARK [1][-]{section.8.9}{\376\377\0008\000.\0009\000\040\000R\000e\000f\000e\000r\000e\000n\000c\000i\000a\000\040\000d\000e\000\040\000l\000a\000\040\000c\000l\000a\000s\000e\000\040\000S\000h\000o\000r\000t\000c\000u\000t\000s}{chapter.8}% 184
\BOOKMARK [2][-]{subsection.8.9.1}{\376\377\0008\000.\0009\000.\0001\000\040\000D\000e\000s\000c\000r\000i\000p\000c\000i\000\363\000n\000\040\000d\000e\000t\000a\000l\000l\000a\000d\000a}{section.8.9}% 185
\BOOKMARK [1][-]{section.8.10}{\376\377\0008\000.\0001\0000\000\040\000R\000e\000f\000e\000r\000e\000n\000c\000i\000a\000\040\000d\000e\000\040\000l\000a\000\040\000c\000l\000a\000s\000e\000\040\000T\000i\000m\000e\000S\000t\000a\000m\000p\000E\000d\000i\000t\000o\000r}{chapter.8}% 186
\BOOKMARK [2][-]{subsection.8.10.1}{\376\377\0008\000.\0001\0000\000.\0001\000\040\000D\000e\000s\000c\000r\000i\000p\000c\000i\000\363\000n\000\040\000d\000e\000t\000a\000l\000l\000a\000d\000a}{section.8.10}% 187
\BOOKMARK [2][-]{subsection.8.10.2}{\376\377\0008\000.\0001\0000\000.\0002\000\040\000D\000o\000c\000u\000m\000e\000n\000t\000a\000c\000i\000\363\000n\000\040\000d\000e\000\040\000f\000u\000n\000c\000i\000o\000n\000e\000s\000\040\000m\000i\000e\000m\000b\000r\000o}{section.8.10}% 188
\BOOKMARK [3][-]{subsubsection.8.10.2.1}{\376\377\0008\000.\0001\0000\000.\0002\000.\0001\000\040\000f\000o\000r\000m\000a\000t\000T\000i\000m\000e\000\050\000\051}{subsection.8.10.2}% 189
\BOOKMARK [3][-]{subsubsection.8.10.2.2}{\376\377\0008\000.\0001\0000\000.\0002\000.\0002\000\040\000s\000a\000v\000e\000T\000i\000m\000e\000s\000t\000a\000m\000p\000s\000\050\000\051}{subsection.8.10.2}% 190
\BOOKMARK [3][-]{subsubsection.8.10.2.3}{\376\377\0008\000.\0001\0000\000.\0002\000.\0003\000\040\000t\000i\000m\000e\000T\000o\000S\000e\000c\000o\000n\000d\000s\000\050\000\051}{subsection.8.10.2}% 191
\BOOKMARK [3][-]{subsubsection.8.10.2.4}{\376\377\0008\000.\0001\0000\000.\0002\000.\0004\000\040\000u\000p\000d\000a\000t\000e\000D\000u\000r\000a\000t\000i\000o\000n\000s\000\050\000\051}{subsection.8.10.2}% 192
\BOOKMARK [3][-]{subsubsection.8.10.2.5}{\376\377\0008\000.\0001\0000\000.\0002\000.\0005\000\040\000u\000p\000d\000a\000t\000e\000S\000e\000g\000m\000e\000n\000t\000s\000\050\000\051}{subsection.8.10.2}% 193
\BOOKMARK [2][-]{subsection.8.10.3}{\376\377\0008\000.\0001\0000\000.\0003\000\040\000D\000o\000c\000u\000m\000e\000n\000t\000a\000c\000i\000\363\000n\000\040\000d\000e\000\040\000d\000a\000t\000o\000s\000\040\000m\000i\000e\000m\000b\000r\000o}{section.8.10}% 194
\BOOKMARK [3][-]{subsubsection.8.10.3.1}{\376\377\0008\000.\0001\0000\000.\0003\000.\0001\000\040\000h\000e\000i\000g\000h\000t}{subsection.8.10.3}% 195
\BOOKMARK [3][-]{subsubsection.8.10.3.2}{\376\377\0008\000.\0001\0000\000.\0003\000.\0002\000\040\000i\000n\000c\000r\000u\000s\000t\000a\000d\000o}{subsection.8.10.3}% 196
\BOOKMARK [3][-]{subsubsection.8.10.3.3}{\376\377\0008\000.\0001\0000\000.\0003\000.\0003\000\040\000o\000n\000C\000o\000m\000p\000l\000e\000t\000e\000d}{subsection.8.10.3}% 197
\BOOKMARK [3][-]{subsubsection.8.10.3.4}{\376\377\0008\000.\0001\0000\000.\0003\000.\0004\000\040\000o\000n\000V\000i\000s\000i\000b\000l\000e\000C\000h\000a\000n\000g\000e\000d}{subsection.8.10.3}% 198
\BOOKMARK [3][-]{subsubsection.8.10.3.5}{\376\377\0008\000.\0001\0000\000.\0003\000.\0005\000\040\000p\000r\000o\000g\000r\000e\000s\000s\000S\000l\000i\000d\000e\000r}{subsection.8.10.3}% 199
\BOOKMARK [3][-]{subsubsection.8.10.3.6}{\376\377\0008\000.\0001\0000\000.\0003\000.\0006\000\040\000s\000e\000g\000m\000e\000n\000t\000L\000i\000s\000t\000V\000i\000e\000w}{subsection.8.10.3}% 200
\BOOKMARK [3][-]{subsubsection.8.10.3.7}{\376\377\0008\000.\0001\0000\000.\0003\000.\0007\000\040\000t\000i\000m\000e\000I\000n\000d\000i\000c\000a\000t\000o\000r}{subsection.8.10.3}% 201
\BOOKMARK [3][-]{subsubsection.8.10.3.8}{\376\377\0008\000.\0001\0000\000.\0003\000.\0008\000\040\000t\000i\000t\000l\000e\000\040\000[\0001\000/\0002\000]}{subsection.8.10.3}% 202
\BOOKMARK [3][-]{subsubsection.8.10.3.9}{\376\377\0008\000.\0001\0000\000.\0003\000.\0009\000\040\000t\000i\000t\000l\000e\000\040\000[\0002\000/\0002\000]}{subsection.8.10.3}% 203
\BOOKMARK [3][-]{subsubsection.8.10.3.10}{\376\377\0008\000.\0001\0000\000.\0003\000.\0001\0000\000\040\000v\000i\000s\000i\000b\000l\000e}{subsection.8.10.3}% 204
\BOOKMARK [3][-]{subsubsection.8.10.3.11}{\376\377\0008\000.\0001\0000\000.\0003\000.\0001\0001\000\040\000w\000i\000d\000t\000h}{subsection.8.10.3}% 205
\BOOKMARK [2][-]{subsection.8.10.4}{\376\377\0008\000.\0001\0000\000.\0004\000\040\000D\000o\000c\000u\000m\000e\000n\000t\000a\000c\000i\000\363\000n\000\040\000d\000e\000\040\000p\000r\000o\000p\000i\000e\000d\000a\000d\000e\000s}{section.8.10}% 206
\BOOKMARK [3][-]{subsubsection.8.10.4.1}{\376\377\0008\000.\0001\0000\000.\0004\000.\0001\000\040\000p\000a\000t\000h}{subsection.8.10.4}% 207
\BOOKMARK [3][-]{subsubsection.8.10.4.2}{\376\377\0008\000.\0001\0000\000.\0004\000.\0002\000\040\000s\000e\000g\000m\000e\000n\000t\000s}{subsection.8.10.4}% 208
\BOOKMARK [3][-]{subsubsection.8.10.4.3}{\376\377\0008\000.\0001\0000\000.\0004\000.\0003\000\040\000t\000e\000x\000t\000o}{subsection.8.10.4}% 209
\BOOKMARK [3][-]{subsubsection.8.10.4.4}{\376\377\0008\000.\0001\0000\000.\0004\000.\0004\000\040\000v\000i\000d\000e\000o\000P\000a\000t\000h}{subsection.8.10.4}% 210
\BOOKMARK [1][-]{section.8.11}{\376\377\0008\000.\0001\0001\000\040\000R\000e\000f\000e\000r\000e\000n\000c\000i\000a\000\040\000d\000e\000\040\000l\000a\000\040\000c\000l\000a\000s\000e\000\040\000T\000o\000p\000B\000a\000r}{chapter.8}% 211
\BOOKMARK [2][-]{subsection.8.11.1}{\376\377\0008\000.\0001\0001\000.\0001\000\040\000D\000e\000s\000c\000r\000i\000p\000c\000i\000\363\000n\000\040\000d\000e\000t\000a\000l\000l\000a\000d\000a}{section.8.11}% 212
\BOOKMARK [2][-]{subsection.8.11.2}{\376\377\0008\000.\0001\0001\000.\0002\000\040\000D\000o\000c\000u\000m\000e\000n\000t\000a\000c\000i\000\363\000n\000\040\000d\000e\000\040\000d\000a\000t\000o\000s\000\040\000m\000i\000e\000m\000b\000r\000o}{section.8.11}% 213
\BOOKMARK [3][-]{subsubsection.8.11.2.1}{\376\377\0008\000.\0001\0001\000.\0002\000.\0001\000\040\000b\000a\000c\000k\000g\000r\000o\000u\000n\000d}{subsection.8.11.2}% 214
\BOOKMARK [3][-]{subsubsection.8.11.2.2}{\376\377\0008\000.\0001\0001\000.\0002\000.\0002\000\040\000f\000i\000l\000l\000W\000i\000d\000t\000h}{subsection.8.11.2}% 215
\BOOKMARK [3][-]{subsubsection.8.11.2.3}{\376\377\0008\000.\0001\0001\000.\0002\000.\0003\000\040\000h\000e\000i\000g\000h\000t}{subsection.8.11.2}% 216
\BOOKMARK [3][-]{subsubsection.8.11.2.4}{\376\377\0008\000.\0001\0001\000.\0002\000.\0004\000\040\000t\000o\000o\000l\000B\000u\000t\000t\000o\000n\0002}{subsection.8.11.2}% 217
\BOOKMARK [3][-]{subsubsection.8.11.2.5}{\376\377\0008\000.\0001\0001\000.\0002\000.\0005\000\040\000t\000o\000o\000l\000B\000u\000t\000t\000o\000n\0003}{subsection.8.11.2}% 218
\BOOKMARK [3][-]{subsubsection.8.11.2.6}{\376\377\0008\000.\0001\0001\000.\0002\000.\0006\000\040\000t\000o\000o\000l\000B\000u\000t\000t\000o\000n\0004}{subsection.8.11.2}% 219
\BOOKMARK [3][-]{subsubsection.8.11.2.7}{\376\377\0008\000.\0001\0001\000.\0002\000.\0007\000\040\000t\000o\000o\000l\000B\000u\000t\000t\000o\000n\000G\000r\000o\000u\000p}{subsection.8.11.2}% 220
\BOOKMARK [3][-]{subsubsection.8.11.2.8}{\376\377\0008\000.\0001\0001\000.\0002\000.\0008\000\040\000x}{subsection.8.11.2}% 221
\BOOKMARK [3][-]{subsubsection.8.11.2.9}{\376\377\0008\000.\0001\0001\000.\0002\000.\0009\000\040\000y}{subsection.8.11.2}% 222
\BOOKMARK [1][-]{section.8.12}{\376\377\0008\000.\0001\0002\000\040\000R\000e\000f\000e\000r\000e\000n\000c\000i\000a\000\040\000d\000e\000\040\000l\000a\000\040\000c\000l\000a\000s\000e\000\040\000v\000i\000d\000e\000o\000\137\000h\000a\000n\000d\000l\000e\000r\000.\000V\000i\000d\000e\000o\000H\000a\000n\000d\000l\000e\000r}{chapter.8}% 223
\BOOKMARK [2][-]{subsection.8.12.1}{\376\377\0008\000.\0001\0002\000.\0001\000\040\000D\000e\000s\000c\000r\000i\000p\000c\000i\000\363\000n\000\040\000d\000e\000t\000a\000l\000l\000a\000d\000a}{section.8.12}% 224
\BOOKMARK [2][-]{subsection.8.12.2}{\376\377\0008\000.\0001\0002\000.\0002\000\040\000D\000o\000c\000u\000m\000e\000n\000t\000a\000c\000i\000\363\000n\000\040\000d\000e\000\040\000c\000o\000n\000s\000t\000r\000u\000c\000t\000o\000r\000e\000s\000\040\000y\000\040\000d\000e\000s\000t\000r\000u\000c\000t\000o\000r\000e\000s}{section.8.12}% 225
\BOOKMARK [3][-]{subsubsection.8.12.2.1}{\376\377\0008\000.\0001\0002\000.\0002\000.\0001\000\040\000\137\000\137\000i\000n\000i\000t\000\137\000\137\000\050\000\051}{subsection.8.12.2}% 226
\BOOKMARK [2][-]{subsection.8.12.3}{\376\377\0008\000.\0001\0002\000.\0003\000\040\000D\000o\000c\000u\000m\000e\000n\000t\000a\000c\000i\000\363\000n\000\040\000d\000e\000\040\000f\000u\000n\000c\000i\000o\000n\000e\000s\000\040\000m\000i\000e\000m\000b\000r\000o}{section.8.12}% 227
\BOOKMARK [3][-]{subsubsection.8.12.3.1}{\376\377\0008\000.\0001\0002\000.\0003\000.\0001\000\040\000c\000o\000m\000b\000i\000n\000e\000\137\000v\000i\000d\000e\000o\000s\000\050\000\051}{subsection.8.12.3}% 228
\BOOKMARK [3][-]{subsubsection.8.12.3.2}{\376\377\0008\000.\0001\0002\000.\0003\000.\0002\000\040\000c\000o\000n\000v\000e\000r\000t\000\137\000t\000i\000m\000e\000\137\000t\000o\000\137\000s\000e\000c\000o\000n\000d\000s\000\050\000\051}{subsection.8.12.3}% 229
\BOOKMARK [3][-]{subsubsection.8.12.3.3}{\376\377\0008\000.\0001\0002\000.\0003\000.\0003\000\040\000d\000o\000w\000n\000l\000o\000a\000d\000\137\000y\000o\000u\000t\000u\000b\000e\000\137\000v\000i\000d\000e\000o\000\050\000\051}{subsection.8.12.3}% 230
\BOOKMARK [3][-]{subsubsection.8.12.3.4}{\376\377\0008\000.\0001\0002\000.\0003\000.\0004\000\040\000g\000e\000t\000D\000e\000s\000c\000r\000i\000p\000t\000i\000o\000n\000\050\000\051}{subsection.8.12.3}% 231
\BOOKMARK [3][-]{subsubsection.8.12.3.5}{\376\377\0008\000.\0001\0002\000.\0003\000.\0005\000\040\000l\000o\000a\000d\000\137\000v\000i\000d\000e\000o\000\050\000\051}{subsection.8.12.3}% 232
\BOOKMARK [3][-]{subsubsection.8.12.3.6}{\376\377\0008\000.\0001\0002\000.\0003\000.\0006\000\040\000o\000n\000\137\000d\000o\000w\000n\000l\000o\000a\000d\000\137\000f\000i\000n\000i\000s\000h\000e\000d\000\050\000\051}{subsection.8.12.3}% 233
\BOOKMARK [3][-]{subsubsection.8.12.3.7}{\376\377\0008\000.\0001\0002\000.\0003\000.\0007\000\040\000o\000p\000e\000n\000\137\000f\000i\000l\000e\000\137\000e\000x\000p\000l\000o\000r\000e\000r\000\050\000\051}{subsection.8.12.3}% 234
\BOOKMARK [3][-]{subsubsection.8.12.3.8}{\376\377\0008\000.\0001\0002\000.\0003\000.\0008\000\040\000p\000a\000r\000s\000e\000\137\000s\000e\000g\000m\000e\000n\000t\000s\000\050\000\051}{subsection.8.12.3}% 235
\BOOKMARK [3][-]{subsubsection.8.12.3.9}{\376\377\0008\000.\0001\0002\000.\0003\000.\0009\000\040\000r\000e\000g\000i\000s\000t\000e\000r\000V\000i\000d\000e\000o\000P\000l\000a\000y\000e\000r\000\050\000\051}{subsection.8.12.3}% 236
\BOOKMARK [3][-]{subsubsection.8.12.3.10}{\376\377\0008\000.\0001\0002\000.\0003\000.\0001\0000\000\040\000s\000a\000v\000e\000\137\000s\000e\000g\000m\000e\000n\000t\000s\000\137\000t\000o\000\137\000f\000i\000l\000e\000\050\000\051}{subsection.8.12.3}% 237
\BOOKMARK [3][-]{subsubsection.8.12.3.11}{\376\377\0008\000.\0001\0002\000.\0003\000.\0001\0001\000\040\000s\000e\000t\000V\000i\000d\000e\000o\000N\000a\000m\000e\000\050\000\051}{subsection.8.12.3}% 238
\BOOKMARK [3][-]{subsubsection.8.12.3.12}{\376\377\0008\000.\0001\0002\000.\0003\000.\0001\0002\000\040\000s\000t\000o\000p\000\050\000\051}{subsection.8.12.3}% 239
\BOOKMARK [3][-]{subsubsection.8.12.3.13}{\376\377\0008\000.\0001\0002\000.\0003\000.\0001\0003\000\040\000u\000p\000d\000a\000t\000e\000\137\000p\000r\000o\000g\000r\000e\000s\000s\000\050\000\051}{subsection.8.12.3}% 240
\BOOKMARK [3][-]{subsubsection.8.12.3.14}{\376\377\0008\000.\0001\0002\000.\0003\000.\0001\0004\000\040\000u\000p\000d\000a\000t\000e\000S\000e\000g\000m\000e\000n\000t\000s\000\050\000\051}{subsection.8.12.3}% 241
\BOOKMARK [2][-]{subsection.8.12.4}{\376\377\0008\000.\0001\0002\000.\0004\000\040\000D\000o\000c\000u\000m\000e\000n\000t\000a\000c\000i\000\363\000n\000\040\000d\000e\000\040\000d\000a\000t\000o\000s\000\040\000m\000i\000e\000m\000b\000r\000o}{section.8.12}% 242
\BOOKMARK [3][-]{subsubsection.8.12.4.1}{\376\377\0008\000.\0001\0002\000.\0004\000.\0001\000\040\000\137\000v\000i\000d\000e\000o\000\137\000p\000l\000a\000y\000e\000r\000s}{subsection.8.12.4}% 243
\BOOKMARK [3][-]{subsubsection.8.12.4.2}{\376\377\0008\000.\0001\0002\000.\0004\000.\0002\000\040\000c\000o\000m\000b\000i\000n\000e\000\137\000w\000o\000r\000k\000e\000r}{subsection.8.12.4}% 244
\BOOKMARK [3][-]{subsubsection.8.12.4.3}{\376\377\0008\000.\0001\0002\000.\0004\000.\0003\000\040\000f\000i\000n\000i\000s\000h\000e\000d}{subsection.8.12.4}% 245
\BOOKMARK [3][-]{subsubsection.8.12.4.4}{\376\377\0008\000.\0001\0002\000.\0004\000.\0004\000\040\000f\000i\000n\000i\000s\000h\000e\000d\000C\000o\000m\000b\000i\000n\000e}{subsection.8.12.4}% 246
\BOOKMARK [3][-]{subsubsection.8.12.4.5}{\376\377\0008\000.\0001\0002\000.\0004\000.\0005\000\040\000p\000r\000o\000g\000r\000e\000s\000s\000U\000p\000d\000a\000t\000e\000d}{subsection.8.12.4}% 247
\BOOKMARK [3][-]{subsubsection.8.12.4.6}{\376\377\0008\000.\0001\0002\000.\0004\000.\0006\000\040\000t\000h\000r\000e\000a\000d}{subsection.8.12.4}% 248
\BOOKMARK [3][-]{subsubsection.8.12.4.7}{\376\377\0008\000.\0001\0002\000.\0004\000.\0007\000\040\000u\000p\000d\000a\000t\000e\000\137\000p\000r\000o\000g\000r\000e\000s\000s}{subsection.8.12.4}% 249
\BOOKMARK [3][-]{subsubsection.8.12.4.8}{\376\377\0008\000.\0001\0002\000.\0004\000.\0008\000\040\000w\000o\000r\000k\000e\000r}{subsection.8.12.4}% 250
\BOOKMARK [1][-]{section.8.13}{\376\377\0008\000.\0001\0003\000\040\000R\000e\000f\000e\000r\000e\000n\000c\000i\000a\000\040\000d\000e\000\040\000l\000a\000\040\000c\000l\000a\000s\000e\000\040\000v\000i\000d\000e\000o\000\137\000h\000a\000n\000d\000l\000e\000r\000.\000V\000i\000d\000e\000o\000P\000l\000a\000y\000e\000r}{chapter.8}% 251
\BOOKMARK [2][-]{subsection.8.13.1}{\376\377\0008\000.\0001\0003\000.\0001\000\040\000D\000e\000s\000c\000r\000i\000p\000c\000i\000\363\000n\000\040\000d\000e\000t\000a\000l\000l\000a\000d\000a}{section.8.13}% 252
\BOOKMARK [2][-]{subsection.8.13.2}{\376\377\0008\000.\0001\0003\000.\0002\000\040\000D\000o\000c\000u\000m\000e\000n\000t\000a\000c\000i\000\363\000n\000\040\000d\000e\000\040\000c\000o\000n\000s\000t\000r\000u\000c\000t\000o\000r\000e\000s\000\040\000y\000\040\000d\000e\000s\000t\000r\000u\000c\000t\000o\000r\000e\000s}{section.8.13}% 253
\BOOKMARK [3][-]{subsubsection.8.13.2.1}{\376\377\0008\000.\0001\0003\000.\0002\000.\0001\000\040\000\137\000\137\000i\000n\000i\000t\000\137\000\137\000\050\000\051}{subsection.8.13.2}% 254
\BOOKMARK [2][-]{subsection.8.13.3}{\376\377\0008\000.\0001\0003\000.\0003\000\040\000D\000o\000c\000u\000m\000e\000n\000t\000a\000c\000i\000\363\000n\000\040\000d\000e\000\040\000d\000a\000t\000o\000s\000\040\000m\000i\000e\000m\000b\000r\000o}{section.8.13}% 255
\BOOKMARK [3][-]{subsubsection.8.13.3.1}{\376\377\0008\000.\0001\0003\000.\0003\000.\0001\000\040\000n\000a\000m\000e}{subsection.8.13.3}% 256
\BOOKMARK [3][-]{subsubsection.8.13.3.2}{\376\377\0008\000.\0001\0003\000.\0003\000.\0002\000\040\000p\000a\000t\000h}{subsection.8.13.3}% 257
\BOOKMARK [3][-]{subsubsection.8.13.3.3}{\376\377\0008\000.\0001\0003\000.\0003\000.\0003\000\040\000s\000e\000g\000m\000e\000n\000t\000s}{subsection.8.13.3}% 258
\BOOKMARK [3][-]{subsubsection.8.13.3.4}{\376\377\0008\000.\0001\0003\000.\0003\000.\0004\000\040\000v\000i\000d\000e\000o\000\137\000p\000l\000a\000y\000e\000r}{subsection.8.13.3}% 259
\BOOKMARK [1][-]{section.8.14}{\376\377\0008\000.\0001\0004\000\040\000R\000e\000f\000e\000r\000e\000n\000c\000i\000a\000\040\000d\000e\000\040\000l\000a\000\040\000c\000l\000a\000s\000e\000\040\000V\000i\000d\000e\000o\000P\000l\000a\000y\000e\000r}{chapter.8}% 260
\BOOKMARK [2][-]{subsection.8.14.1}{\376\377\0008\000.\0001\0004\000.\0001\000\040\000D\000e\000s\000c\000r\000i\000p\000c\000i\000\363\000n\000\040\000d\000e\000t\000a\000l\000l\000a\000d\000a}{section.8.14}% 261
\BOOKMARK [2][-]{subsection.8.14.2}{\376\377\0008\000.\0001\0004\000.\0002\000\040\000D\000o\000c\000u\000m\000e\000n\000t\000a\000c\000i\000\363\000n\000\040\000d\000e\000\040\000f\000u\000n\000c\000i\000o\000n\000e\000s\000\040\000m\000i\000e\000m\000b\000r\000o}{section.8.14}% 262
\BOOKMARK [3][-]{subsubsection.8.14.2.1}{\376\377\0008\000.\0001\0004\000.\0002\000.\0001\000\040\000n\000e\000x\000t\000F\000r\000a\000m\000e\000\050\000\051}{subsection.8.14.2}% 263
\BOOKMARK [3][-]{subsubsection.8.14.2.2}{\376\377\0008\000.\0001\0004\000.\0002\000.\0002\000\040\000p\000a\000u\000s\000e\000\050\000\051}{subsection.8.14.2}% 264
\BOOKMARK [3][-]{subsubsection.8.14.2.3}{\376\377\0008\000.\0001\0004\000.\0002\000.\0003\000\040\000p\000l\000a\000y\000\050\000\051}{subsection.8.14.2}% 265
\BOOKMARK [3][-]{subsubsection.8.14.2.4}{\376\377\0008\000.\0001\0004\000.\0002\000.\0004\000\040\000p\000l\000a\000y\000D\000o\000u\000b\000l\000e\000S\000p\000e\000e\000d\000\050\000\051}{subsection.8.14.2}% 266
\BOOKMARK [3][-]{subsubsection.8.14.2.5}{\376\377\0008\000.\0001\0004\000.\0002\000.\0005\000\040\000p\000l\000a\000y\000H\000a\000l\000f\000S\000p\000e\000e\000d\000\050\000\051}{subsection.8.14.2}% 267
\BOOKMARK [3][-]{subsubsection.8.14.2.6}{\376\377\0008\000.\0001\0004\000.\0002\000.\0006\000\040\000p\000l\000a\000y\000N\000o\000r\000m\000a\000l\000S\000p\000e\000e\000d\000\050\000\051}{subsection.8.14.2}% 268
\BOOKMARK [3][-]{subsubsection.8.14.2.7}{\376\377\0008\000.\0001\0004\000.\0002\000.\0007\000\040\000p\000l\000a\000y\000O\000n\000e\000A\000n\000d\000H\000a\000l\000f\000S\000p\000e\000e\000d\000\050\000\051}{subsection.8.14.2}% 269
\BOOKMARK [3][-]{subsubsection.8.14.2.8}{\376\377\0008\000.\0001\0004\000.\0002\000.\0008\000\040\000p\000l\000a\000y\000Q\000u\000a\000r\000t\000e\000r\000S\000p\000e\000e\000d\000\050\000\051}{subsection.8.14.2}% 270
\BOOKMARK [3][-]{subsubsection.8.14.2.9}{\376\377\0008\000.\0001\0004\000.\0002\000.\0009\000\040\000p\000r\000e\000v\000i\000o\000u\000s\000F\000r\000a\000m\000e\000\050\000\051}{subsection.8.14.2}% 271
\BOOKMARK [3][-]{subsubsection.8.14.2.10}{\376\377\0008\000.\0001\0004\000.\0002\000.\0001\0000\000\040\000s\000e\000e\000k\000\050\000\051}{subsection.8.14.2}% 272
\BOOKMARK [3][-]{subsubsection.8.14.2.11}{\376\377\0008\000.\0001\0004\000.\0002\000.\0001\0001\000\040\000s\000e\000t\000P\000a\000t\000h\000\050\000\051}{subsection.8.14.2}% 273
\BOOKMARK [3][-]{subsubsection.8.14.2.12}{\376\377\0008\000.\0001\0004\000.\0002\000.\0001\0002\000\040\000s\000e\000t\000P\000l\000a\000y\000b\000a\000c\000k\000R\000a\000t\000e\000\050\000\051}{subsection.8.14.2}% 274
\BOOKMARK [3][-]{subsubsection.8.14.2.13}{\376\377\0008\000.\0001\0004\000.\0002\000.\0001\0003\000\040\000s\000t\000o\000p\000\050\000\051}{subsection.8.14.2}% 275
\BOOKMARK [2][-]{subsection.8.14.3}{\376\377\0008\000.\0001\0004\000.\0003\000\040\000D\000o\000c\000u\000m\000e\000n\000t\000a\000c\000i\000\363\000n\000\040\000d\000e\000\040\000d\000a\000t\000o\000s\000\040\000m\000i\000e\000m\000b\000r\000o}{section.8.14}% 276
\BOOKMARK [3][-]{subsubsection.8.14.3.1}{\376\377\0008\000.\0001\0004\000.\0003\000.\0001\000\040\000m\000e\000d\000i\000a\000P\000l\000a\000y\000e\000r}{subsection.8.14.3}% 277
\BOOKMARK [3][-]{subsubsection.8.14.3.2}{\376\377\0008\000.\0001\0004\000.\0003\000.\0002\000\040\000v\000i\000d\000e\000o\000O\000u\000t}{subsection.8.14.3}% 278
\BOOKMARK [2][-]{subsection.8.14.4}{\376\377\0008\000.\0001\0004\000.\0004\000\040\000D\000o\000c\000u\000m\000e\000n\000t\000a\000c\000i\000\363\000n\000\040\000d\000e\000\040\000p\000r\000o\000p\000i\000e\000d\000a\000d\000e\000s}{section.8.14}% 279
\BOOKMARK [3][-]{subsubsection.8.14.4.1}{\376\377\0008\000.\0001\0004\000.\0004\000.\0001\000\040\000d\000u\000r\000a\000t\000i\000o\000n}{subsection.8.14.4}% 280
\BOOKMARK [3][-]{subsubsection.8.14.4.2}{\376\377\0008\000.\0001\0004\000.\0004\000.\0002\000\040\000f\000i\000n\000a\000l\000T\000i\000m\000e}{subsection.8.14.4}% 281
\BOOKMARK [3][-]{subsubsection.8.14.4.3}{\376\377\0008\000.\0001\0004\000.\0004\000.\0003\000\040\000i\000n\000i\000t\000i\000a\000l\000T\000i\000m\000e}{subsection.8.14.4}% 282
\BOOKMARK [3][-]{subsubsection.8.14.4.4}{\376\377\0008\000.\0001\0004\000.\0004\000.\0004\000\040\000p\000l\000a\000y\000b\000a\000c\000k\000R\000a\000t\000e}{subsection.8.14.4}% 283
\BOOKMARK [3][-]{subsubsection.8.14.4.5}{\376\377\0008\000.\0001\0004\000.\0004\000.\0005\000\040\000p\000o\000s\000i\000t\000i\000o\000n}{subsection.8.14.4}% 284
\BOOKMARK [3][-]{subsubsection.8.14.4.6}{\376\377\0008\000.\0001\0004\000.\0004\000.\0006\000\040\000r\000u\000t\000a}{subsection.8.14.4}% 285
\BOOKMARK [3][-]{subsubsection.8.14.4.7}{\376\377\0008\000.\0001\0004\000.\0004\000.\0007\000\040\000v\000i\000d\000e\000o\000L\000o\000a\000d\000e\000d}{subsection.8.14.4}% 286
\BOOKMARK [3][-]{subsubsection.8.14.4.8}{\376\377\0008\000.\0001\0004\000.\0004\000.\0008\000\040\000v\000o\000l\000u\000m\000e\000n}{subsection.8.14.4}% 287
\BOOKMARK [1][-]{section.8.15}{\376\377\0008\000.\0001\0005\000\040\000R\000e\000f\000e\000r\000e\000n\000c\000i\000a\000\040\000d\000e\000\040\000l\000a\000\040\000c\000l\000a\000s\000e\000\040\000V\000i\000d\000e\000o\000P\000l\000a\000y\000e\000r\000C\000o\000m\000p\000o\000n\000e\000n\000t}{chapter.8}% 288
\BOOKMARK [2][-]{subsection.8.15.1}{\376\377\0008\000.\0001\0005\000.\0001\000\040\000D\000e\000s\000c\000r\000i\000p\000c\000i\000\363\000n\000\040\000d\000e\000t\000a\000l\000l\000a\000d\000a}{section.8.15}% 289
\BOOKMARK [0][-]{chapter.9}{\376\377\0009\000\040\000D\000o\000c\000u\000m\000e\000n\000t\000a\000c\000i\000\363\000n\000\040\000d\000e\000\040\000a\000r\000c\000h\000i\000v\000o\000s}{}% 290
\BOOKMARK [1][-]{section.9.1}{\376\377\0009\000.\0001\000\040\000R\000e\000f\000e\000r\000e\000n\000c\000i\000a\000\040\000d\000e\000l\000\040\000a\000r\000c\000h\000i\000v\000o\000\040\000B\000o\000t\000t\000o\000m\000B\000a\000r\000.\000q\000m\000l}{chapter.9}% 291
\BOOKMARK [1][-]{section.9.2}{\376\377\0009\000.\0002\000\040\000R\000e\000f\000e\000r\000e\000n\000c\000i\000a\000\040\000d\000e\000l\000\040\000a\000r\000c\000h\000i\000v\000o\000\040\000c\000o\000m\000b\000i\000n\000e\000\137\000w\000o\000r\000k\000e\000r\000.\000p\000y}{chapter.9}% 292
\BOOKMARK [1][-]{section.9.3}{\376\377\0009\000.\0003\000\040\000R\000e\000f\000e\000r\000e\000n\000c\000i\000a\000\040\000d\000e\000l\000\040\000a\000r\000c\000h\000i\000v\000o\000\040\000D\000o\000w\000n\000l\000o\000a\000d\000.\000q\000m\000l}{chapter.9}% 293
\BOOKMARK [1][-]{section.9.4}{\376\377\0009\000.\0004\000\040\000R\000e\000f\000e\000r\000e\000n\000c\000i\000a\000\040\000d\000e\000l\000\040\000a\000r\000c\000h\000i\000v\000o\000\040\000d\000o\000w\000n\000l\000o\000a\000d\000\137\000w\000o\000r\000k\000e\000r\000.\000p\000y}{chapter.9}% 294
\BOOKMARK [1][-]{section.9.5}{\376\377\0009\000.\0005\000\040\000R\000e\000f\000e\000r\000e\000n\000c\000i\000a\000\040\000d\000e\000l\000\040\000a\000r\000c\000h\000i\000v\000o\000\040\000E\000x\000p\000o\000r\000t\000.\000q\000m\000l}{chapter.9}% 295
\BOOKMARK [1][-]{section.9.6}{\376\377\0009\000.\0006\000\040\000R\000e\000f\000e\000r\000e\000n\000c\000i\000a\000\040\000d\000e\000l\000\040\000a\000r\000c\000h\000i\000v\000o\000\040\000m\000a\000i\000n\000.\000p\000y}{chapter.9}% 296
\BOOKMARK [1][-]{section.9.7}{\376\377\0009\000.\0007\000\040\000R\000e\000f\000e\000r\000e\000n\000c\000i\000a\000\040\000d\000e\000l\000\040\000a\000r\000c\000h\000i\000v\000o\000\040\000m\000a\000i\000n\000.\000q\000m\000l}{chapter.9}% 297
\BOOKMARK [1][-]{section.9.8}{\376\377\0009\000.\0008\000\040\000R\000e\000f\000e\000r\000e\000n\000c\000i\000a\000\040\000d\000e\000l\000\040\000a\000r\000c\000h\000i\000v\000o\000\040\000S\000h\000o\000r\000t\000c\000u\000t\000s\000.\000q\000m\000l}{chapter.9}% 298
\BOOKMARK [1][-]{section.9.9}{\376\377\0009\000.\0009\000\040\000R\000e\000f\000e\000r\000e\000n\000c\000i\000a\000\040\000d\000e\000l\000\040\000a\000r\000c\000h\000i\000v\000o\000\040\000T\000i\000m\000e\000S\000t\000a\000m\000p\000E\000d\000i\000t\000o\000r\000.\000q\000m\000l}{chapter.9}% 299
\BOOKMARK [1][-]{section.9.10}{\376\377\0009\000.\0001\0000\000\040\000R\000e\000f\000e\000r\000e\000n\000c\000i\000a\000\040\000d\000e\000l\000\040\000a\000r\000c\000h\000i\000v\000o\000\040\000T\000o\000p\000B\000a\000r\000.\000q\000m\000l}{chapter.9}% 300
\BOOKMARK [1][-]{section.9.11}{\376\377\0009\000.\0001\0001\000\040\000R\000e\000f\000e\000r\000e\000n\000c\000i\000a\000\040\000d\000e\000l\000\040\000a\000r\000c\000h\000i\000v\000o\000\040\000v\000i\000d\000e\000o\000\137\000h\000a\000n\000d\000l\000e\000r\000.\000p\000y}{chapter.9}% 301
\BOOKMARK [1][-]{section.9.12}{\376\377\0009\000.\0001\0002\000\040\000R\000e\000f\000e\000r\000e\000n\000c\000i\000a\000\040\000d\000e\000l\000\040\000a\000r\000c\000h\000i\000v\000o\000\040\000V\000i\000d\000e\000o\000P\000l\000a\000y\000e\000r\000.\000q\000m\000l}{chapter.9}% 302
\BOOKMARK [1][-]{section.9.13}{\376\377\0009\000.\0001\0003\000\040\000R\000e\000f\000e\000r\000e\000n\000c\000i\000a\000\040\000d\000e\000l\000\040\000a\000r\000c\000h\000i\000v\000o\000\040\000V\000i\000d\000e\000o\000P\000l\000a\000y\000e\000r\000C\000o\000m\000p\000o\000n\000e\000n\000t\000.\000q\000m\000l}{chapter.9}% 303
\BOOKMARK [0][-]{section*.70}{\376\377\000\315\000n\000d\000i\000c\000e\000\040\000a\000l\000f\000a\000b\000\351\000t\000i\000c\000o}{}% 304
